<svg height="520" width="1650" version="1.1" xmlns="http://www.w3.org/2000/svg"><defs><marker viewBox="0 0 20 20" markerWidth="10" markerHeight="10" orient="auto" refX="0" refY="2.5" id="arr90"><polygon points="0,0,0,5,10,2.5,0,0" fill="rgba(0, 0, 0, 0.87)"></polygon></marker><marker viewBox="0 0 20 20" markerWidth="10" markerHeight="10" orient="auto" refX="0" refY="2.5" id="arr91"><polygon points="0,0,0,5,10,2.5,0,0" fill="rgba(0, 0, 0, 0.87)"></polygon></marker><marker viewBox="0 0 20 20" markerWidth="10" markerHeight="10" orient="auto" refX="0" refY="2.5" id="arr92"><polygon points="0,0,0,5,10,2.5,0,0" fill="rgba(0, 0, 0, 0.87)"></polygon></marker><marker viewBox="0 0 20 20" markerWidth="10" markerHeight="10" orient="auto" refX="0" refY="2.5" id="arr93"><polygon points="0,0,0,5,10,2.5,0,0" fill="rgba(0, 0, 0, 0.87)"></polygon></marker><marker viewBox="0 0 20 20" markerWidth="10" markerHeight="10" orient="auto" refX="0" refY="2.5" id="arr94"><polygon points="0,0,0,5,10,2.5,0,0" fill="rgba(0, 0, 0, 0.87)"></polygon></marker><marker viewBox="0 0 20 20" markerWidth="10" markerHeight="10" orient="auto" refX="0" refY="2.5" id="arr95"><polygon points="0,0,0,5,10,2.5,0,0" fill="rgba(0, 0, 0, 0.87)"></polygon></marker><marker viewBox="0 0 20 20" markerWidth="10" markerHeight="10" orient="auto" refX="0" refY="2.5" id="arr96"><polygon points="0,0,0,5,10,2.5,0,0" fill="rgba(0, 0, 0, 0.87)"></polygon></marker><marker viewBox="0 0 20 20" markerWidth="10" markerHeight="10" orient="auto" refX="0" refY="2.5" id="arr97"><polygon points="0,0,0,5,10,2.5,0,0" fill="rgba(0, 0, 0, 0.87)"></polygon></marker><marker viewBox="0 0 20 20" markerWidth="10" markerHeight="10" orient="auto" refX="0" refY="2.5" id="arr98"><polygon points="0,0,0,5,10,2.5,0,0" fill="rgba(0, 0, 0, 0.87)"></polygon></marker><marker viewBox="0 0 20 20" markerWidth="10" markerHeight="10" orient="auto" refX="0" refY="2.5" id="arr99"><polygon points="0,0,0,5,10,2.5,0,0" fill="rgba(0, 0, 0, 0.87)"></polygon></marker></defs><g transform="matrix(1,0,0,1,0,0)"><rect x="0" y="0" width="1650" height="520" rx="5" ry="5" fill="#fff"></rect><g><image href="data:image/svg+xml;base64,PHN2ZyB4bWxucz0iaHR0cDovL3d3dy53My5vcmcvMjAwMC9zdmciIHZpZXdCb3g9IjAgMCA2NCA2NCI+PGRlZnM+PHN0eWxlPi5jbHMtMXtmaWxsOiNmMGVjYjY7fS5jbHMtMntmaWxsOiNjMThmMzU7fS5jbHMtMywuY2xzLTh7ZmlsbDojYzhmZmFjO30uY2xzLTR7ZmlsbDojNDhkNjAxO30uY2xzLTV7ZmlsbDojZDNkNGYzO30uY2xzLTZ7ZmlsbDojNjY2YmQxO30uY2xzLTExLC5jbHMtNywuY2xzLTl7ZmlsbDpub25lO30uY2xzLTd7c3Ryb2tlOiM2NjZiZDE7fS5jbHMtMTAsLmNscy0xMSwuY2xzLTcsLmNscy05e3N0cm9rZS1saW5lam9pbjpyb3VuZDt9LmNscy03LC5jbHMtOXtvcGFjaXR5OjAuODt9LmNscy04e3N0cm9rZTojNDhkNjAxO3N0cm9rZS1taXRlcmxpbWl0OjEwO29wYWNpdHk6MC43O30uY2xzLTl7c3Ryb2tlOiNjMThmMzU7fS5jbHMtMTB7ZmlsbDojMzQ0OTVlO30uY2xzLTEwLC5jbHMtMTF7c3Ryb2tlOiMzNDQ5NWU7fS5jbHMtMTF7c3Ryb2tlLWxpbmVjYXA6cm91bmQ7fTwvc3R5bGU+PC9kZWZzPjx0aXRsZT5leF9hZ2dyZWdhdGU8L3RpdGxlPjxnIGlkPSJleF9icm9hZGNhc3RfbW90aW9uIj48cmVjdCBjbGFzcz0iY2xzLTEiIHg9IjM4LjQyIiB5PSIyNy4yNSIgd2lkdGg9IjguMjgiIGhlaWdodD0iOSIvPjxwYXRoIGNsYXNzPSJjbHMtMiIgZD0iTTQ2LjIsMjcuNzV2OEgzOC45MnYtOEg0Ni4ybTEtMUgzNy45MnYxMEg0Ny4ydi0xMFoiLz48cmVjdCBjbGFzcz0iY2xzLTEiIHg9IjQ2LjcyIiB5PSIyNy4yNSIgd2lkdGg9IjguMjgiIGhlaWdodD0iOSIvPjxwYXRoIGNsYXNzPSJjbHMtMiIgZD0iTTU0LjUsMjcuNzV2OEg0Ny4yMnYtOEg1NC41bTEtMUg0Ni4yMnYxMEg1NS41di0xMFoiLz48cGF0aCBjbGFzcz0iY2xzLTMiIGQ9Ik0zOS45Miw0NS4yM2MtMS4zNywwLTEuNS0uMTMtMS41LTEuNXYtNy41SDQ2Ljd2OVoiLz48cGF0aCBjbGFzcz0iY2xzLTQiIGQ9Ik00Ni4yLDM2LjczdjhIMzkuOTJhMy4yNSwzLjI1LDAsMCwxLS45LS4wOGgwYTIuMTgsMi4xOCwwLDAsMS0uMS0uOTJ2LTdINDYuMm0xLTFIMzcuOTJ2OGMwLDEuNjUuMzUsMiwyLDJINDcuMnYtMTBaIi8+PHBhdGggY2xhc3M9ImNscy0zIiBkPSJNNDYuNzIsNDUuMjN2LTlINTV2Ny41YzAsMS4zNy0uMTMsMS41LTEuNSwxLjVaIi8+PHBhdGggY2xhc3M9ImNscy00IiBkPSJNNTQuNSwzNi43M3Y3YTMuMjksMy4yOSwwLDAsMS0uMDguOSwyLjE4LDIuMTgsMCwwLDEtLjkyLjFINDcuMjJ2LThINTQuNW0xLTFINDYuMjJ2MTBINTMuNWMxLjY1LDAsMi0uMzUsMi0ydi04WiIvPjxwYXRoIGNsYXNzPSJjbHMtNSIgZD0iTTM4LjQyLDI3LjI3di03LjVjMC0xLjM3LjEzLTEuNSwxLjUtMS41SDQ2Ljd2OVoiLz48cGF0aCBjbGFzcz0iY2xzLTYiIGQ9Ik00Ni4yLDE4Ljc3djhIMzguOTJ2LTdhMy4yOSwzLjI5LDAsMCwxLC4wOC0uOSwyLjE4LDIuMTgsMCwwLDEsLjkyLS4xSDQ2LjJtMS0xSDM5LjkyYy0xLjY1LDAtMiwuMzUtMiwydjhINDcuMnYtMTBaIi8+PHBhdGggY2xhc3M9ImNscy01IiBkPSJNNDYuNzIsMjcuMjd2LTlINTMuNWMxLjM3LDAsMS41LjEzLDEuNSwxLjV2Ny41WiIvPjxwYXRoIGNsYXNzPSJjbHMtNiIgZD0iTTUzLjUsMTguNzdhMy4yNSwzLjI1LDAsMCwxLC45LjA4aDBhMi4xOCwyLjE4LDAsMCwxLC4xLjkydjdINDcuMjJ2LThINTMuNW0wLTFINDYuMjJ2MTBINTUuNXYtOGMwLTEuNjUtLjM1LTItMi0yWiIvPjxwYXRoIGNsYXNzPSJjbHMtNSIgZD0iTTksMjUuNDNWMTMuOTNjMC0xLjM3LjEzLTEuNSwxLjUtMS41aDUuNzh2MTNaIi8+PHBhdGggY2xhc3M9ImNscy02IiBkPSJNMTUuODEsMTIuOTN2MTJIOS41M3YtMTFhMy4yOCwzLjI4LDAsMCwxLC4wOC0uOSwyLjE4LDIuMTgsMCwwLDEsLjkyLS4xaDUuMjhtMS0xSDEwLjUzYy0xLjY1LDAtMiwuMzUtMiwydjEyaDguMjh2LTE0WiIvPjxwYXRoIGNsYXNzPSJjbHMtNSIgZD0iTTE2LjMyLDI1LjQzdi0xM0gyMi4xYzEuMzcsMCwxLjUuMTMsMS41LDEuNXYxMS41WiIvPjxwYXRoIGNsYXNzPSJjbHMtNiIgZD0iTTIyLjEsMTIuOTNBMy4yNSwzLjI1LDAsMCwxLDIzLDEzaDBhMi4xOCwyLjE4LDAsMCwxLC4xLjkydjExSDE2Ljgydi0xMkgyMi4xbTAtMUgxNS44MnYxNEgyNC4xdi0xMmMwLTEuNjUtLjM1LTItMi0yWiIvPjxsaW5lIGNsYXNzPSJjbHMtNyIgeDE9IjkuMDYiIHkxPSIxOC43NyIgeDI9IjE1LjgiIHkyPSIxOC43NyIvPjxsaW5lIGNsYXNzPSJjbHMtNyIgeDE9IjE2LjA4IiB5MT0iMTguNzciIHgyPSIyMy41NyIgeTI9IjE4Ljc3Ii8+PHBhdGggY2xhc3M9ImNscy0zIiBkPSJNMTAuNTMsNTEuNDVDOS4xNiw1MS40NSw5LDUxLjMzLDksNTBWMzguNDVoNy4yOHYxM1oiLz48cGF0aCBjbGFzcz0iY2xzLTQiIGQ9Ik0xNS44MSwzOVY1MUgxMC41M2EzLjI1LDMuMjUsMCwwLDEtLjktLjA4aDBhMi4xOCwyLjE4LDAsMCwxLS4xLS45MlYzOWg2LjI4bTEtMUg4LjUzVjUwYzAsMS42NS4zNSwyLDIsMmg2LjI4VjM4WiIvPjxwYXRoIGNsYXNzPSJjbHMtMyIgZD0iTTE2LjMyLDUxLjQ1di0xM0gyMy42VjUwYzAsMS4zNy0uMTMsMS41LTEuNSwxLjVaIi8+PHBhdGggY2xhc3M9ImNscy00IiBkPSJNMjMuMSwzOVY1MGEzLjI4LDMuMjgsMCwwLDEtLjA4LjksMi4xOCwyLjE4LDAsMCwxLS45Mi4xSDE2LjgyVjM5SDIzLjFtMS0xSDE1LjgyVjUySDIyLjFjMS42NSwwLDItLjM1LDItMlYzOFoiLz48bGluZSBjbGFzcz0iY2xzLTgiIHgxPSIxNi4wOCIgeTE9IjQ0LjgiIHgyPSIyMy41NyIgeTI9IjQ0LjgiLz48bGluZSBjbGFzcz0iY2xzLTgiIHgxPSI5LjA2IiB5MT0iNDQuOCIgeDI9IjE1LjgiIHkyPSI0NC44Ii8+PHJlY3QgY2xhc3M9ImNscy0xIiB4PSIxNi4zMiIgeT0iMjUuNDMiIHdpZHRoPSI3LjI4IiBoZWlnaHQ9IjEzIi8+PHBhdGggY2xhc3M9ImNscy0yIiBkPSJNMjMuMSwyNS45M3YxMkgxNi44MnYtMTJIMjMuMW0xLTFIMTUuODJ2MTRIMjQuMXYtMTRaIi8+PGxpbmUgY2xhc3M9ImNscy05IiB4MT0iMTYuMDgiIHkxPSIzMS43OCIgeDI9IjIzLjU3IiB5Mj0iMzEuNzgiLz48cmVjdCBjbGFzcz0iY2xzLTEiIHg9IjkuMDMiIHk9IjI1LjQzIiB3aWR0aD0iNy4yOCIgaGVpZ2h0PSIxMyIvPjxwYXRoIGNsYXNzPSJjbHMtMiIgZD0iTTE1LjgxLDI1LjkzdjEySDkuNTN2LTEyaDYuMjhtMS0xSDguNTN2MTRoOC4yOHYtMTRaIi8+PGxpbmUgY2xhc3M9ImNscy05IiB4MT0iOS4wNiIgeTE9IjMxLjc4IiB4Mj0iMTUuOCIgeTI9IjMxLjc4Ii8+PHBvbHlnb24gY2xhc3M9ImNscy0xMCIgcG9pbnRzPSIzNy4wMSAyMy4xMSAzMy44NyAyNC4xMiAzNS4xNiAyMC4zOSAzNy4wMSAyMy4xMSIvPjxsaW5lIGNsYXNzPSJjbHMtMTEiIHgxPSIzNC45MSIgeTE9IjIyLjU3IiB4Mj0iMjUiIHkyPSIxOS4wNCIvPjxwb2x5Z29uIGNsYXNzPSJjbHMtMTAiIHBvaW50cz0iMzcuMDEgNDAuODcgMzMuODcgMzkuODcgMzUuMTYgNDMuNiAzNy4wMSA0MC44NyIvPjxsaW5lIGNsYXNzPSJjbHMtMTEiIHgxPSIzNC45MSIgeTE9IjQxLjQyIiB4Mj0iMjUiIHkyPSI0NC45NSIvPjxwb2x5Z29uIGNsYXNzPSJjbHMtMTAiIHBvaW50cz0iMzcuMDcgMzEuNzggMzQuNDMgMzMuNzYgMzQuNDMgMjkuOCAzNy4wNyAzMS43OCIvPjxsaW5lIGNsYXNzPSJjbHMtMTEiIHgxPSIzNC44OSIgeTE9IjMxLjg4IiB4Mj0iMjUiIHkyPSIzMS45MiIvPjwvZz48L3N2Zz4=" preserveAspectRatio="none" x="1550" y="50" width="50" height="50" style="cursor:pointer"><title>Node Type: Aggregate
Strategy: Plain
Partial Mode: Simple
Parallel Aware: false
Async Capable: false
Startup Cost: 16936.54
Total Cost: 16936.55
Plan Rows: 1
Plan Width: 32
Actual Startup Time: 100.1
Actual Total Time: 117.894
Actual Rows: 1
Actual Loops: 1
Output: sum((products.price * (cart_items.quantity)::numeric))
Shared Hit Blocks: 6420
Shared Read Blocks: 1178
Shared Dirtied Blocks: 0
Shared Written Blocks: 0
Local Hit Blocks: 0
Local Read Blocks: 0
Local Dirtied Blocks: 0
Local Written Blocks: 0
Temp Read Blocks: 0
Temp Written Blocks: 0
WAL Records: 0
WAL FPI: 0
WAL Bytes: 0
loops: 1
inclusive: 117.894
exclusive: 0.042
inclusive_factor: 1
inclusive_flag: 4
rowsx: 1
rowsx_direction: positive
rowsx_flag: 1
exclusive_factor: 0.0003562522265764161
exclusive_flag: 1
</title></image><text x="1580" y="120" fill="rgba(0, 0, 0, 0.87)" style="font-size:15px;text-anchor:middle"><tspan>Aggregate</tspan></text></g><g><image href="data:image/svg+xml;base64,PHN2ZyBpZD0iXzEiIGRhdGEtbmFtZT0iMSIgeG1sbnM9Imh0dHA6Ly93d3cudzMub3JnLzIwMDAvc3ZnIiB2aWV3Qm94PSIwIDAgNjQgNjQiPjxkZWZzPjxzdHlsZT4uY2xzLTEsLmNscy0ze2ZpbGw6bm9uZTtzdHJva2UtbGluZWNhcDpyb3VuZDtzdHJva2UtbGluZWpvaW46cm91bmQ7c3Ryb2tlLXdpZHRoOjJweDt9LmNscy0xe3N0cm9rZTojNjY2YmQxO30uY2xzLTJ7ZmlsbDojNjY2YmQxO30uY2xzLTN7c3Ryb2tlOiM4ZDgxMTk7fS5jbHMtNHtmaWxsOiM4ZDgxMTk7fTwvc3R5bGU+PC9kZWZzPjx0aXRsZT5leF9uZXN0ZWQ8L3RpdGxlPjxwYXRoIGNsYXNzPSJjbHMtMSIgZD0iTTE3LjIzLDIwYTYsNiwwLDAsMSw2LTZoMjJhNiw2LDAsMCwxLDYsNlY0NGE2LDYsMCwwLDEtNiw2aC0yMmE2LDYsMCwwLDEtNi02VjMyLjI3Ii8+PHBvbHlnb24gY2xhc3M9ImNscy0yIiBwb2ludHM9IjE3LjIzIDI3LjMxIDEyLjc3IDMzLjI2IDIxLjY4IDMzLjI2IDE3LjIzIDI3LjMxIi8+PHBhdGggY2xhc3M9ImNscy0zIiBkPSJNMjQuMjMsMjVjMC0zLjMuNy00LDQtNGgxMmMzLjMsMCw0LC43LDQsNFYzOWMwLDMuMy0uNyw0LTQsNEgyOC43MmMtMy4zLDAtNC0uNy00LTRWMzMuNzIiLz48cG9seWdvbiBjbGFzcz0iY2xzLTQiIHBvaW50cz0iMjQuNjcgMzEuMzQgMjAuNzEgMzYuMSAyOC4yMyAzNi4xIDI0LjY3IDMxLjM0Ii8+PC9zdmc+" preserveAspectRatio="none" x="1250" y="50" width="50" height="50" style="cursor:pointer"><title>Node Type: Nested Loop
Parent Relationship: Outer
Parallel Aware: false
Async Capable: false
Join Type: Inner
Startup Cost: 2000.43
Total Cost: 16936.13
Plan Rows: 54
Plan Width: 10
Actual Startup Time: 0.488
Actual Total Time: 117.853
Actual Rows: 72
Actual Loops: 1
Output: products.price,cart_items.quantity
Inner Unique: false
Shared Hit Blocks: 6420
Shared Read Blocks: 1178
Shared Dirtied Blocks: 0
Shared Written Blocks: 0
Local Hit Blocks: 0
Local Read Blocks: 0
Local Dirtied Blocks: 0
Local Written Blocks: 0
Temp Read Blocks: 0
Temp Written Blocks: 0
WAL Records: 0
WAL FPI: 0
WAL Bytes: 0
loops: 1
inclusive: 117.853
exclusive: 87.131
inclusive_factor: 0.9996522299692944
inclusive_flag: 4
rowsx: 1.34
rowsx_direction: negative
rowsx_flag: 1
exclusive_factor: 0.7390622084245169
exclusive_flag: 3
</title></image><text x="1280" y="120" fill="rgba(0, 0, 0, 0.87)" style="font-size:15px;text-anchor:middle"><tspan>Nested Loop Inner</tspan><tspan dy="1.2em" x="1280">Join</tspan></text><line x1="1325" x2="1388.3333333333333" y1="75" y2="75" stroke="rgba(0, 0, 0, 0.87)" stroke-width="11"></line><line x1="1387.3333333333333" x2="1451.6666666666667" y1="75" y2="75" stroke="rgba(0, 0, 0, 0.87)" stroke-width="11"></line><line x1="1451.6666666666667" x2="1515" y1="75" y2="75" stroke="rgba(0, 0, 0, 0.87)" stroke-width="11" style="marker-end:url(&quot;#arr91&quot;)"></line></g><g><image href="data:image/svg+xml;base64,PHN2ZyB4bWxucz0iaHR0cDovL3d3dy53My5vcmcvMjAwMC9zdmciIHZpZXdCb3g9IjAgMCA2NCA2NCI+PGRlZnM+PHN0eWxlPi5jbHMtMXtmaWxsOiNhZGRmZjM7fS5jbHMtMntmaWxsOiMyOTgwYjk7fS5jbHMtM3tmaWxsOm5vbmU7c3Ryb2tlOiNkMDQ0NjU7c3Ryb2tlLWxpbmVjYXA6cm91bmQ7c3Ryb2tlLWxpbmVqb2luOnJvdW5kO30uY2xzLTR7ZmlsbDojZDA0NDY1O30uY2xzLTV7ZmlsbDojZjNjN2Q3O308L3N0eWxlPjwvZGVmcz48dGl0bGU+ZXhfZ2F0aGVyX21vdGlvbjwvdGl0bGU+PGcgaWQ9ImV4X2RlbGV0ZSI+PHJlY3QgY2xhc3M9ImNscy0xIiB4PSI0Ny4xOSIgeT0iNDUuNDMiIHdpZHRoPSI5IiBoZWlnaHQ9IjkiIHJ4PSIwLjUiIHJ5PSIwLjUiLz48cGF0aCBjbGFzcz0iY2xzLTIiIGQ9Ik01NS42OSw0NS45M3Y4aC04di04aDhtMC0xaC04YTEsMSwwLDAsMC0xLDF2OGExLDEsMCwwLDAsMSwxaDhhMSwxLDAsMCwwLDEtMXYtOGExLDEsMCwwLDAtMS0xWiIvPjxyZWN0IGNsYXNzPSJjbHMtMSIgeD0iNy44MSIgeT0iNDUuNDMiIHdpZHRoPSI5IiBoZWlnaHQ9IjkiIHJ4PSIwLjUiIHJ5PSIwLjUiLz48cGF0aCBjbGFzcz0iY2xzLTIiIGQ9Ik0xNi4zMSw0NS45M3Y4aC04di04aDhtMC0xaC04YTEsMSwwLDAsMC0xLDF2OGExLDEsMCwwLDAsMSwxaDhhMSwxLDAsMCwwLDEtMXYtOGExLDEsMCwwLDAtMS0xWiIvPjxyZWN0IGNsYXNzPSJjbHMtMSIgeD0iMjcuNTEiIHk9IjkuNTciIHdpZHRoPSI5IiBoZWlnaHQ9IjkiIHJ4PSIwLjUiIHJ5PSIwLjUiLz48cGF0aCBjbGFzcz0iY2xzLTIiIGQ9Ik0zNiwxMC4wN3Y4SDI4di04aDhtMC0xSDI4YTEsMSwwLDAsMC0xLDF2OGExLDEsMCwwLDAsMSwxaDhhMSwxLDAsMCwwLDEtMXYtOGExLDEsMCwwLDAtMS0xWiIvPjxsaW5lIGNsYXNzPSJjbHMtMyIgeDE9IjE4LjE0IiB5MT0iNDQuMiIgeDI9IjIxLjkyIiB5Mj0iNDIuMDIiLz48cGF0aCBjbGFzcz0iY2xzLTQiIGQ9Ik0yNCw0MC44MmExMi4wOSwxMi4wOSwwLDAsMC0yLDMuMzZsLS4zNS0yLTEuNTUtMS4zQTEyLjA4LDEyLjA4LDAsMCwwLDI0LDQwLjgyWiIvPjxsaW5lIGNsYXNzPSJjbHMtMyIgeDE9IjQyLjA2IiB5MT0iNDIuMjIiIHgyPSI0NS44NCIgeTI9IjQ0LjQiLz48cGF0aCBjbGFzcz0iY2xzLTQiIGQ9Ik00MCw0MWExMi4wOSwxMi4wOSwwLDAsMSwyLDMuMzZsLjM1LTIsMS41NS0xLjNBMTIuMDgsMTIuMDgsMCwwLDEsNDAsNDFaIi8+PGxpbmUgY2xhc3M9ImNscy0zIiB4MT0iMzIuMDkiIHkxPSIyMC4wNyIgeDI9IjMyLjA4IiB5Mj0iMjQuNDMiLz48cGF0aCBjbGFzcz0iY2xzLTQiIGQ9Ik0zMi4wOCwyNi44NWExMi4wOSwxMi4wOSwwLDAsMC0xLjktMy40MmwxLjkuNjksMS45LS42OUExMi4wOCwxMi4wOCwwLDAsMCwzMi4wOCwyNi44NVoiLz48Y2lyY2xlIGNsYXNzPSJjbHMtNSIgY3g9IjMyLjA4IiBjeT0iMzUuOTMiIHI9IjcuNSIvPjxwYXRoIGNsYXNzPSJjbHMtNCIgZD0iTTMyLjA4LDI4LjkzYTcsNywwLDEsMS03LDcsNyw3LDAsMCwxLDctN20wLTFhOCw4LDAsMSwwLDgsOCw4LDgsMCwwLDAtOC04WiIvPjwvZz48L3N2Zz4=" preserveAspectRatio="none" x="950" y="50" width="50" height="50" style="cursor:pointer"><title>Node Type: Gather
Parent Relationship: Outer
Parallel Aware: false
Async Capable: false
Startup Cost: 1000.43
Total Cost: 11464.09
Plan Rows: 18
Plan Width: 14
Actual Startup Time: 0.334
Actual Total Time: 25.598
Actual Rows: 18
Actual Loops: 1
Output: products.price,cart_items.quantity,cart_items.user_id
Workers Planned: 2
Workers Launched: 2
Single Copy: false
Shared Hit Blocks: 4596
Shared Read Blocks: 1178
Shared Dirtied Blocks: 0
Shared Written Blocks: 0
Local Hit Blocks: 0
Local Read Blocks: 0
Local Dirtied Blocks: 0
Local Written Blocks: 0
Temp Read Blocks: 0
Temp Written Blocks: 0
WAL Records: 0
WAL FPI: 0
WAL Bytes: 0
loops: 1
inclusive: 25.598
exclusive: 11.303
inclusive_factor: 0.21712724990245472
inclusive_flag: 2
rowsx: 1
rowsx_direction: positive
rowsx_flag: 1
exclusive_factor: 0.09587425992841027
exclusive_flag: 1
</title></image><text x="980" y="120" fill="rgba(0, 0, 0, 0.87)" style="font-size:15px;text-anchor:middle"><tspan>Gather</tspan></text><line x1="1025" x2="1088.3333333333333" y1="75" y2="75" stroke="rgba(0, 0, 0, 0.87)" stroke-width="11"></line><line x1="1087.3333333333333" x2="1151.6666666666667" y1="75" y2="75" stroke="rgba(0, 0, 0, 0.87)" stroke-width="11"></line><line x1="1151.6666666666667" x2="1215" y1="75" y2="75" stroke="rgba(0, 0, 0, 0.87)" stroke-width="11" style="marker-end:url(&quot;#arr92&quot;)"></line></g><g><image href="data:image/svg+xml;base64,PHN2ZyBpZD0iXzEiIGRhdGEtbmFtZT0iMSIgeG1sbnM9Imh0dHA6Ly93d3cudzMub3JnLzIwMDAvc3ZnIiB2aWV3Qm94PSIwIDAgNjQgNjQiPjxkZWZzPjxzdHlsZT4uY2xzLTEsLmNscy0ze2ZpbGw6bm9uZTtzdHJva2UtbGluZWNhcDpyb3VuZDtzdHJva2UtbGluZWpvaW46cm91bmQ7c3Ryb2tlLXdpZHRoOjJweDt9LmNscy0xe3N0cm9rZTojNjY2YmQxO30uY2xzLTJ7ZmlsbDojNjY2YmQxO30uY2xzLTN7c3Ryb2tlOiM4ZDgxMTk7fS5jbHMtNHtmaWxsOiM4ZDgxMTk7fTwvc3R5bGU+PC9kZWZzPjx0aXRsZT5leF9uZXN0ZWQ8L3RpdGxlPjxwYXRoIGNsYXNzPSJjbHMtMSIgZD0iTTE3LjIzLDIwYTYsNiwwLDAsMSw2LTZoMjJhNiw2LDAsMCwxLDYsNlY0NGE2LDYsMCwwLDEtNiw2aC0yMmE2LDYsMCwwLDEtNi02VjMyLjI3Ii8+PHBvbHlnb24gY2xhc3M9ImNscy0yIiBwb2ludHM9IjE3LjIzIDI3LjMxIDEyLjc3IDMzLjI2IDIxLjY4IDMzLjI2IDE3LjIzIDI3LjMxIi8+PHBhdGggY2xhc3M9ImNscy0zIiBkPSJNMjQuMjMsMjVjMC0zLjMuNy00LDQtNGgxMmMzLjMsMCw0LC43LDQsNFYzOWMwLDMuMy0uNyw0LTQsNEgyOC43MmMtMy4zLDAtNC0uNy00LTRWMzMuNzIiLz48cG9seWdvbiBjbGFzcz0iY2xzLTQiIHBvaW50cz0iMjQuNjcgMzEuMzQgMjAuNzEgMzYuMSAyOC4yMyAzNi4xIDI0LjY3IDMxLjM0Ii8+PC9zdmc+" preserveAspectRatio="none" x="650" y="50" width="50" height="50" style="cursor:pointer"><title>Node Type: Nested Loop
Parent Relationship: Outer
Parallel Aware: false
Async Capable: false
Join Type: Inner
Startup Cost: 0.43
Total Cost: 10462.29
Plan Rows: 8
Plan Width: 14
Actual Startup Time: 2.035
Actual Total Time: 14.295
Actual Rows: 6
Actual Loops: 3
Output: products.price,cart_items.quantity,cart_items.user_id
Inner Unique: true
Shared Hit Blocks: 4596
Shared Read Blocks: 1178
Shared Dirtied Blocks: 0
Shared Written Blocks: 0
Local Hit Blocks: 0
Local Read Blocks: 0
Local Dirtied Blocks: 0
Local Written Blocks: 0
Temp Read Blocks: 0
Temp Written Blocks: 0
WAL Records: 0
WAL FPI: 0
WAL Bytes: 0
Workers: {
  "Worker Number": 0,
  "Actual Startup Time": 2.696,
  "Actual Total Time": 11.129,
  "Actual Rows": 3,
  "Actual Loops": 1,
  "Shared Hit Blocks": 1532,
  "Shared Read Blocks": 0,
  "Shared Dirtied Blocks": 0,
  "Shared Written Blocks": 0,
  "Local Hit Blocks": 0,
  "Local Read Blocks": 0,
  "Local Dirtied Blocks": 0,
  "Local Written Blocks": 0,
  "Temp Read Blocks": 0,
  "Temp Written Blocks": 0,
  "WAL Records": 0,
  "WAL FPI": 0,
  "WAL Bytes": 0
},{
  "Worker Number": 1,
  "Actual Startup Time": 3.382,
  "Actual Total Time": 24.332,
  "Actual Rows": 10,
  "Actual Loops": 1,
  "Shared Hit Blocks": 1892,
  "Shared Read Blocks": 1178,
  "Shared Dirtied Blocks": 0,
  "Shared Written Blocks": 0,
  "Local Hit Blocks": 0,
  "Local Read Blocks": 0,
  "Local Dirtied Blocks": 0,
  "Local Written Blocks": 0,
  "Temp Read Blocks": 0,
  "Temp Written Blocks": 0,
  "WAL Records": 0,
  "WAL FPI": 0,
  "WAL Bytes": 0
}
loops: 1
inclusive: 14.295
exclusive: 9.541
inclusive_factor: 0.12125298997404448
inclusive_flag: 2
rowsx: 1.34
rowsx_direction: positive
rowsx_flag: 1
exclusive_factor: 0.08092863080394253
exclusive_flag: 1
</title></image><text x="680" y="120" fill="rgba(0, 0, 0, 0.87)" style="font-size:15px;text-anchor:middle"><tspan>Nested Loop Inner</tspan><tspan dy="1.2em" x="680">Join</tspan></text><line x1="725" x2="788.3333333333334" y1="75" y2="75" stroke="rgba(0, 0, 0, 0.87)" stroke-width="11"></line><line x1="787.3333333333334" x2="851.6666666666666" y1="75" y2="75" stroke="rgba(0, 0, 0, 0.87)" stroke-width="11"></line><line x1="851.6666666666666" x2="915" y1="75" y2="75" stroke="rgba(0, 0, 0, 0.87)" stroke-width="11" style="marker-end:url(&quot;#arr93&quot;)"></line></g><g><image href="data:image/svg+xml;base64,PHN2ZyBpZD0iXzEiIGRhdGEtbmFtZT0iMSIgeG1sbnM9Imh0dHA6Ly93d3cudzMub3JnLzIwMDAvc3ZnIiB2aWV3Qm94PSIwIDAgNjQgNjQiPjxkZWZzPjxzdHlsZT4uY2xzLTEsLmNscy0yLC5jbHMtOHtmaWxsOiMyOTgwYjk7fS5jbHMtMSwuY2xzLTJ7c3Ryb2tlOiMyOTgwYjk7c3Ryb2tlLWxpbmVqb2luOnJvdW5kO30uY2xzLTJ7c3Ryb2tlLWxpbmVjYXA6cm91bmQ7c3Ryb2tlLXdpZHRoOjJweDt9LmNscy0zLC5jbHMtNntmaWxsOiNmMGVjYjY7fS5jbHMtNHtmaWxsOiNjMThmMzY7fS5jbHMtNXtvcGFjaXR5OjAuODt9LmNscy02e3N0cm9rZTojYzE4ZjM2O3N0cm9rZS1taXRlcmxpbWl0OjEwO30uY2xzLTd7ZmlsbDojYWRkZmYzO308L3N0eWxlPjwvZGVmcz48dGl0bGU+ZXhfc2NhbjwvdGl0bGU+PHBvbHlnb24gY2xhc3M9ImNscy0xIiBwb2ludHM9IjkuMDYgNTAuNzggNS41OCA0Ni4xNCAxMi41NCA0Ni4xNCA5LjA2IDUwLjc4Ii8+PGxpbmUgY2xhc3M9ImNscy0yIiB4MT0iOS4wNiIgeTE9IjQ2Ljc3IiB4Mj0iOS4wNiIgeTI9IjE1LjgiLz48cGF0aCBjbGFzcz0iY2xzLTMiIGQ9Ik0xOC40Myw1Ny40N2MtMS4zOCwwLTEuNS0uMTItMS41LTEuNVYxNS41M2g0MVY1NmMwLDEuMzgtLjEyLDEuNS0xLjUsMS41WiIvPjxwYXRoIGNsYXNzPSJjbHMtNCIgZD0iTTU3LjQxLDE2VjU2YTMuNzEsMy43MSwwLDAsMS0uMDcuOSwyLjE2LDIuMTYsMCwwLDEtLjkzLjFoLTM4YTMuNTQsMy41NCwwLDAsMS0uOS0uMDdoMGEyLjE2LDIuMTYsMCwwLDEtLjEtLjkzVjE2aDQwbTEtMWgtNDJWNTZjMCwxLjY1LjM1LDIsMiwyaDM4YzEuNjUsMCwyLS4zNSwyLTJWMTVaIi8+PGcgY2xhc3M9ImNscy01Ij48bGluZSBjbGFzcz0iY2xzLTYiIHgxPSIyNS4xMyIgeTE9IjU2Ljk3IiB4Mj0iMjUuMTMiIHkyPSIxNS45NyIvPjxsaW5lIGNsYXNzPSJjbHMtNiIgeDE9IjQxLjUyIiB5MT0iNTYuOTciIHgyPSI0MS41MiIgeTI9IjE1Ljk3Ii8+PGxpbmUgY2xhc3M9ImNscy02IiB4MT0iMzMuMzIiIHkxPSI1Ni45NyIgeDI9IjMzLjMyIiB5Mj0iMTUuOTciLz48bGluZSBjbGFzcz0iY2xzLTYiIHgxPSI0OS43MiIgeTE9IjU2Ljk3IiB4Mj0iNDkuNzIiIHkyPSIxNS45NyIvPjxsaW5lIGNsYXNzPSJjbHMtNiIgeDE9IjE3LjQyIiB5MT0iMjMuOTciIHgyPSI1Ny40IiB5Mj0iMjMuOTciLz48bGluZSBjbGFzcz0iY2xzLTYiIHgxPSIxNy40MiIgeTE9IjMyLjM0IiB4Mj0iNTcuNCIgeTI9IjMyLjM0Ii8+PGxpbmUgY2xhc3M9ImNscy02IiB4MT0iMTcuNDIiIHkxPSI0MC43MSIgeDI9IjU3LjQiIHkyPSI0MC43MSIvPjxsaW5lIGNsYXNzPSJjbHMtNiIgeDE9IjE3LjQyIiB5MT0iNDkuMDgiIHgyPSI1Ny40IiB5Mj0iNDkuMDgiLz48L2c+PHBhdGggY2xhc3M9ImNscy03IiBkPSJNNDkuNzMsMTUuNTN2LTloNi42OWMxLjM3LDAsMS41LjEyLDEuNSwxLjV2Ny41WiIvPjxwYXRoIGNsYXNzPSJjbHMtOCIgZD0iTTU2LjQyLDdhMy41NCwzLjU0LDAsMCwxLC45LjA3aDBhMi4xNiwyLjE2LDAsMCwxLC4xLjkzdjdINTAuMjNWN2g2LjE5bTAtMUg0OS4yM1YxNmg5LjE5VjhjMC0xLjY1LS4zNS0yLTItMloiLz48cGF0aCBjbGFzcz0iY2xzLTciIGQ9Ik0xNi45MiwxNS41M1Y4YzAtMS4zOC4xMy0xLjUsMS41LTEuNWg2Ljd2OVoiLz48cGF0aCBjbGFzcz0iY2xzLTgiIGQ9Ik0yNC42Miw3djhoLTcuMlY4YTMuMTgsMy4xOCwwLDAsMSwuMDgtLjksMi4wOCwyLjA4LDAsMCwxLC45Mi0uMWg2LjJtMS0xaC03LjJjLTEuNjUsMC0yLC4zNS0yLDJ2OGg5LjJWNloiLz48cmVjdCBjbGFzcz0iY2xzLTciIHg9IjQxLjUyIiB5PSI2LjUzIiB3aWR0aD0iOC4xOSIgaGVpZ2h0PSI5Ii8+PHBhdGggY2xhc3M9ImNscy04IiBkPSJNNDkuMjEsN3Y4SDQyVjdoNy4xOW0xLTFINDFWMTZoOS4xOVY2WiIvPjxyZWN0IGNsYXNzPSJjbHMtNyIgeD0iMzMuMzMiIHk9IjYuNTMiIHdpZHRoPSI4LjE5IiBoZWlnaHQ9IjkiLz48cGF0aCBjbGFzcz0iY2xzLTgiIGQ9Ik00MSw3djhIMzMuODNWN0g0MW0xLTFIMzIuODNWMTZINDJWNloiLz48cmVjdCBjbGFzcz0iY2xzLTciIHg9IjI1LjE0IiB5PSI2LjUzIiB3aWR0aD0iOC4xNyIgaGVpZ2h0PSI5Ii8+PHBhdGggY2xhc3M9ImNscy04IiBkPSJNMzIuODEsN3Y4SDI1LjY0VjdoNy4xN20xLTFIMjQuNjRWMTZoOS4xN1Y2WiIvPjwvc3ZnPg==" preserveAspectRatio="none" x="350" y="50" width="50" height="50" style="cursor:pointer"><title>Node Type: Seq Scan
Parent Relationship: Outer
Parallel Aware: true
Async Capable: false
Relation Name: cart_items
Schema: public
Alias: cart_items
Startup Cost: 0
Total Cost: 10431.5
Plan Rows: 8
Plan Width: 12
Actual Startup Time: 2.01
Actual Total Time: 14.243
Actual Rows: 6
Actual Loops: 3
Output: cart_items.id,cart_items.user_id,cart_items.product_id,cart_items.quantity,cart_items.price
Filter: (cart_items.user_id = 1)
Rows Removed by Filter: 299994
Shared Hit Blocks: 4566
Shared Read Blocks: 1178
Shared Dirtied Blocks: 0
Shared Written Blocks: 0
Local Hit Blocks: 0
Local Read Blocks: 0
Local Dirtied Blocks: 0
Local Written Blocks: 0
Temp Read Blocks: 0
Temp Written Blocks: 0
WAL Records: 0
WAL FPI: 0
WAL Bytes: 0
Workers: {
  "Worker Number": 0,
  "Actual Startup Time": 2.671,
  "Actual Total Time": 11.098,
  "Actual Rows": 3,
  "Actual Loops": 1,
  "Shared Hit Blocks": 1527,
  "Shared Read Blocks": 0,
  "Shared Dirtied Blocks": 0,
  "Shared Written Blocks": 0,
  "Local Hit Blocks": 0,
  "Local Read Blocks": 0,
  "Local Dirtied Blocks": 0,
  "Local Written Blocks": 0,
  "Temp Read Blocks": 0,
  "Temp Written Blocks": 0,
  "WAL Records": 0,
  "WAL FPI": 0,
  "WAL Bytes": 0
},{
  "Worker Number": 1,
  "Actual Startup Time": 3.352,
  "Actual Total Time": 24.257,
  "Actual Rows": 10,
  "Actual Loops": 1,
  "Shared Hit Blocks": 1879,
  "Shared Read Blocks": 1178,
  "Shared Dirtied Blocks": 0,
  "Shared Written Blocks": 0,
  "Local Hit Blocks": 0,
  "Local Read Blocks": 0,
  "Local Dirtied Blocks": 0,
  "Local Written Blocks": 0,
  "Temp Read Blocks": 0,
  "Temp Written Blocks": 0,
  "WAL Records": 0,
  "WAL FPI": 0,
  "WAL Bytes": 0
}
loops: 3
inclusive: 4.748
exclusive: 4.748
inclusive_factor: 0.1208119157887594
inclusive_flag: 2
rowsx: 0.45
rowsx_direction: positive
rowsx_flag: 1
exclusive_factor: 0.04027346599487675
exclusive_flag: 1
</title></image><text x="380" y="120" fill="rgba(0, 0, 0, 0.87)" style="font-size:15px;text-anchor:middle"><tspan>public.cart_items</tspan></text><line x1="425" x2="488.3333333333333" y1="75" y2="75" stroke="rgba(0, 0, 0, 0.87)" stroke-width="11"></line><line x1="487.3333333333333" x2="551.6666666666666" y1="75" y2="75" stroke="rgba(0, 0, 0, 0.87)" stroke-width="11"></line><line x1="551.6666666666666" x2="615" y1="75" y2="75" stroke="rgba(0, 0, 0, 0.87)" stroke-width="11" style="marker-end:url(&quot;#arr94&quot;)"></line></g><g><image href="data:image/svg+xml;base64,PHN2ZyBpZD0iXzEiIGRhdGEtbmFtZT0iMSIgeG1sbnM9Imh0dHA6Ly93d3cudzMub3JnLzIwMDAvc3ZnIiB2aWV3Qm94PSIwIDAgNjQgNjQiPjxkZWZzPjxzdHlsZT4uY2xzLTF7ZmlsbDojMWNhZmU0O308L3N0eWxlPjwvZGVmcz48dGl0bGU+ZXhfdW5rbm93bjwvdGl0bGU+PHBhdGggY2xhc3M9ImNscy0xIiBkPSJNMjMuMzQsMTMuMmExNC43NiwxNC43NiwwLDAsMSw4LjE2LTIuMTQsMTcuNTcsMTcuNTcsMCwwLDEsMTAuNTYsM3E0LjIsMyw0LjIsOWExMC4xOCwxMC4xOCwwLDAsMS0xLjgyLDYuMTYsMjEsMjEsMCwwLDEtNC4wOSwzLjg4bC0yLDEuNTVhNiw2LDAsMCwwLTIuMTYsM0ExMi41LDEyLjUsMCwwLDAsMzUuODMsNDFIMjguMmEyMi4xMSwyMi4xMSwwLDAsMSwuOS02LjU3LDExLjU3LDExLjU3LDAsMCwxLDMuNzYtNC4xOGwyLTEuNkE3LjE3LDcuMTcsMCwwLDAsMzYuNTMsMjdhNS42Nyw1LjY3LDAsMCwwLDEuMTItMy40LDYuNTgsNi41OCwwLDAsMC0xLjI1LTMuOXEtMS4yNS0xLjc2LTQuNTYtMS43NnQtNC42MiwyLjE3YTguMzQsOC4zNCwwLDAsMC0xLjM2LDQuNUgxNy43NFExOC4wOCwxNi41NSwyMy4zNCwxMy4yWk0yOCw0NC44MWg4LjQxdjguMTNIMjhaIi8+PC9zdmc+" preserveAspectRatio="none" x="350" y="210" width="50" height="50" style="cursor:pointer"><title>Node Type: Memoize
Parent Relationship: Inner
Parallel Aware: false
Async Capable: false
Startup Cost: 0.43
Total Cost: 8.45
Plan Rows: 1
Plan Width: 10
Actual Startup Time: 0.007
Actual Total Time: 0.007
Actual Rows: 1
Actual Loops: 18
Output: products.price,products.id
Cache Key: cart_items.product_id
Cache Mode: logical
Cache Hits: 2
Cache Misses: 3
Cache Evictions: 0
Cache Overflows: 0
Peak Memory Usage: 1
Shared Hit Blocks: 30
Shared Read Blocks: 0
Shared Dirtied Blocks: 0
Shared Written Blocks: 0
Local Hit Blocks: 0
Local Read Blocks: 0
Local Dirtied Blocks: 0
Local Written Blocks: 0
Temp Read Blocks: 0
Temp Written Blocks: 0
WAL Records: 0
WAL FPI: 0
WAL Bytes: 0
Workers: {
  "Worker Number": 0,
  "Actual Startup Time": 0.008,
  "Actual Total Time": 0.008,
  "Actual Rows": 1,
  "Actual Loops": 3,
  "Cache Hits": 2,
  "Cache Misses": 1,
  "Cache Evictions": 0,
  "Cache Overflows": 0,
  "Peak Memory Usage": 1,
  "Shared Hit Blocks": 5,
  "Shared Read Blocks": 0,
  "Shared Dirtied Blocks": 0,
  "Shared Written Blocks": 0,
  "Local Hit Blocks": 0,
  "Local Read Blocks": 0,
  "Local Dirtied Blocks": 0,
  "Local Written Blocks": 0,
  "Temp Read Blocks": 0,
  "Temp Written Blocks": 0,
  "WAL Records": 0,
  "WAL FPI": 0,
  "WAL Bytes": 0
},{
  "Worker Number": 1,
  "Actual Startup Time": 0.006,
  "Actual Total Time": 0.006,
  "Actual Rows": 1,
  "Actual Loops": 10,
  "Cache Hits": 7,
  "Cache Misses": 3,
  "Cache Evictions": 0,
  "Cache Overflows": 0,
  "Peak Memory Usage": 1,
  "Shared Hit Blocks": 13,
  "Shared Read Blocks": 0,
  "Shared Dirtied Blocks": 0,
  "Shared Written Blocks": 0,
  "Local Hit Blocks": 0,
  "Local Read Blocks": 0,
  "Local Dirtied Blocks": 0,
  "Local Written Blocks": 0,
  "Temp Read Blocks": 0,
  "Temp Written Blocks": 0,
  "WAL Records": 0,
  "WAL FPI": 0,
  "WAL Bytes": 0
}
loops: 3
inclusive: 0.007
exclusive: 0.006
inclusive_factor: 0.00005937537109606935
inclusive_flag: 1
rowsx: 0.34
rowsx_direction: positive
rowsx_flag: 1
exclusive_factor: 0.0000508931752252023
exclusive_flag: 1
</title></image><text x="380" y="280" fill="rgba(0, 0, 0, 0.87)" style="font-size:15px;text-anchor:middle"><tspan>Memoize</tspan></text><line x1="425" x2="488.3333333333333" y1="235" y2="235" stroke="rgba(0, 0, 0, 0.87)" stroke-width="4"></line><line x1="487.3333333333333" x2="551.6666666666666" y1="235" y2="75" stroke="rgba(0, 0, 0, 0.87)" stroke-width="4"></line><line x1="551.6666666666666" x2="615" y1="75" y2="75" stroke="rgba(0, 0, 0, 0.87)" stroke-width="4" style="marker-end:url(&quot;#arr95&quot;)"></line></g><g><image href="data:image/svg+xml;base64,PHN2ZyBpZD0iXzEiIGRhdGEtbmFtZT0iMSIgeG1sbnM9Imh0dHA6Ly93d3cudzMub3JnLzIwMDAvc3ZnIiB2aWV3Qm94PSIwIDAgNjQgNjQiPjxkZWZzPjxzdHlsZT4uY2xzLTF7ZmlsbDpub25lO3N0cm9rZTojNzQ3NDc0O3N0cm9rZS1saW5lY2FwOnJvdW5kO3N0cm9rZS1saW5lam9pbjpyb3VuZDtzdHJva2Utd2lkdGg6MC43NXB4O30uY2xzLTIsLmNscy04e2ZpbGw6I2YwZWNiNjt9LmNscy0ze2ZpbGw6I2MxOGYzNTt9LmNscy00e2ZpbGw6I2FkZGZmMzt9LmNscy01e2ZpbGw6IzI5ODBiOTt9LmNscy02e2ZpbGw6I2MxOGYzNjt9LmNscy03e29wYWNpdHk6MC44O30uY2xzLTh7c3Ryb2tlOiNjMThmMzY7c3Ryb2tlLW1pdGVybGltaXQ6MTA7fTwvc3R5bGU+PC9kZWZzPjx0aXRsZT5leF9pbmRleF9zY2FuPC90aXRsZT48bGluZSBjbGFzcz0iY2xzLTEiIHgxPSIxMy44NSIgeTE9IjM2LjIzIiB4Mj0iMTkuMTIiIHkyPSI0NC43Ii8+PGxpbmUgY2xhc3M9ImNscy0xIiB4MT0iMTMuODUiIHkxPSIzNi4yMyIgeDI9IjE5LjA5IiB5Mj0iMjcuOTIiLz48bGluZSBjbGFzcz0iY2xzLTEiIHgxPSIyNy42NCIgeTE9IjQ0LjMzIiB4Mj0iMzUuNjQiIHkyPSI1MC4yMyIvPjxsaW5lIGNsYXNzPSJjbHMtMSIgeDE9IjI3LjY0IiB5MT0iNDQuMzMiIHgyPSIzNS42NCIgeTI9IjM4LjkyIi8+PHJlY3QgY2xhc3M9ImNscy0yIiB4PSIxOS4yNiIgeT0iNDEuNjUiIHdpZHRoPSI3Ljk4IiBoZWlnaHQ9IjUuNjkiIHJ4PSIxLjUiIHJ5PSIxLjUiLz48cGF0aCBjbGFzcz0iY2xzLTMiIGQ9Ik0yNS43NSw0Mi4xNWEzLjU0LDMuNTQsMCwwLDEsLjkuMDdoMGEyLjQsMi40LDAsMCwxLC4xLjkzdjIuNjlhMy4xOCwzLjE4LDAsMCwxLS4wOC45cy0uMTkuMS0uOTIuMWgtNWEzLjExLDMuMTEsMCwwLDEtLjktLjA4aDBhMi4yNSwyLjI1LDAsMCwxLS4xLS45MlY0My4xNWEzLjE4LDMuMTgsMCwwLDEsLjA4LS45cy4xOS0uMS45Mi0uMWg1bTAtMWgtNWMtMS42NSwwLTIsLjM1LTIsMnYyLjY5YzAsMS42NS4zNSwyLDIsMmg1YzEuNjUsMCwyLS4zNSwyLTJWNDMuMTVjMC0xLjY1LS4zNS0yLTItMloiLz48bGluZSBjbGFzcz0iY2xzLTEiIHgxPSIyNy42NCIgeTE9IjI3LjgzIiB4Mj0iMzUuNjQiIHkyPSIzMy43MyIvPjxsaW5lIGNsYXNzPSJjbHMtMSIgeDE9IjI3LjY0IiB5MT0iMjcuODMiIHgyPSIzNS42NCIgeTI9IjIyLjQyIi8+PHJlY3QgY2xhc3M9ImNscy0yIiB4PSIxOS4yNiIgeT0iMjUuMTUiIHdpZHRoPSI3Ljk4IiBoZWlnaHQ9IjUuNjkiIHJ4PSIxLjUiIHJ5PSIxLjUiLz48cGF0aCBjbGFzcz0iY2xzLTMiIGQ9Ik0yNS43NSwyNS42NWEzLjU0LDMuNTQsMCwwLDEsLjkuMDdoMGEyLjQsMi40LDAsMCwxLC4xLjkzdjIuNjlhMy4xOCwzLjE4LDAsMCwxLS4wOC45cy0uMTkuMS0uOTIuMWgtNWEzLjExLDMuMTEsMCwwLDEtLjktLjA4aDBhMi4yNSwyLjI1LDAsMCwxLS4xLS45MlYyNi42NWEzLjE4LDMuMTgsMCwwLDEsLjA4LS45cy4xOS0uMS45Mi0uMWg1bTAtMWgtNWMtMS42NSwwLTIsLjM1LTIsMnYyLjY5YzAsMS42NS4zNSwyLDIsMmg1YzEuNjUsMCwyLS4zNSwyLTJWMjYuNjVjMC0xLjY1LS4zNS0yLTItMloiLz48cGF0aCBjbGFzcz0iY2xzLTIiIGQ9Ik02LjYxLDQwLjg5Yy0xLjM4LDAtMS41LS4xMy0xLjUtMS41VjM1LjJoOHY0LjE5YzAsMS4zNy0uMTMsMS41LTEuNSwxLjVaIi8+PHBhdGggY2xhc3M9ImNscy0zIiBkPSJNMTIuNTksMzUuN3YzLjY5YTIuNywyLjcsMCwwLDEtLjA4LjlzLS4xOS4xLS45Mi4xaC01YTMsMywwLDAsMS0uOS0uMDhoMGEyLjQ1LDIuNDUsMCwwLDEtLjA5LS45MlYzNS43aDdtMS0xaC05djQuNjljMCwxLjY1LjM1LDIsMiwyaDVjMS42NSwwLDItLjM1LDItMlYzNC43WiIvPjxwYXRoIGNsYXNzPSJjbHMtNCIgZD0iTTUuMTEsMzUuMjZWMzMuMDdjMC0xLjM4LjEyLTEuNSwxLjUtMS41aDVjMS4zNywwLDEuNS4xMiwxLjUsMS41djIuMTlaIi8+PHBhdGggY2xhc3M9ImNscy01IiBkPSJNMTEuNTksMzIuMDdhMy41NCwzLjU0LDAsMCwxLC45LjA3aDBhMi4xNiwyLjE2LDAsMCwxLC4xLjkzdjEuNjloLTdWMzMuMDdhMy43MSwzLjcxLDAsMCwxLC4wNy0uOSwyLjE2LDIuMTYsMCwwLDEsLjkzLS4xaDVtMC0xaC01Yy0xLjY1LDAtMiwuMzUtMiwydjIuNjloOVYzMy4wN2MwLTEuNjUtLjM1LTItMi0yWiIvPjxwYXRoIGNsYXNzPSJjbHMtMiIgZD0iTTM1Ljc0LDUzLjQ3Yy0xLjM4LDAtMS41LS4xMi0xLjUtMS41VjE5LjUzSDU4Ljg5VjUyYzAsMS4zOC0uMTMsMS41LTEuNSwxLjVaIi8+PHBhdGggY2xhc3M9ImNscy02IiBkPSJNNTguMzksMjBWNTJhMi43LDIuNywwLDAsMS0uMDguOXMtLjE5LjEtLjkyLjFIMzUuNzRhMy41NCwzLjU0LDAsMCwxLS45LS4wN2gwYTIuMTYsMi4xNiwwLDAsMS0uMS0uOTNWMjBINTguMzltMS0xSDMzLjc0VjUyYzAsMS42NS4zNSwyLDIsMkg1Ny4zOWMxLjY1LDAsMi0uMzUsMi0yVjE5WiIvPjxnIGNsYXNzPSJjbHMtNyI+PGxpbmUgY2xhc3M9ImNscy04IiB4MT0iNDIuNDQiIHkxPSI1Mi45NyIgeDI9IjQyLjQ0IiB5Mj0iMTkuOTciLz48bGluZSBjbGFzcz0iY2xzLTgiIHgxPSI1MC42MyIgeTE9IjUyLjk3IiB4Mj0iNTAuNjMiIHkyPSIxOS45NyIvPjxsaW5lIGNsYXNzPSJjbHMtOCIgeDE9IjM0LjczIiB5MT0iMjcuOTciIHgyPSI1OC4zNyIgeTI9IjI3Ljk3Ii8+PGxpbmUgY2xhc3M9ImNscy04IiB4MT0iMzQuNzMiIHkxPSIzNi4zNCIgeDI9IjU4LjM3IiB5Mj0iMzYuMzQiLz48bGluZSBjbGFzcz0iY2xzLTgiIHgxPSIzNC43MyIgeTE9IjQ0LjcxIiB4Mj0iNTguMzciIHkyPSI0NC43MSIvPjwvZz48cGF0aCBjbGFzcz0iY2xzLTQiIGQ9Ik01MC43LDE5LjUzdi05aDYuNjljMS4zOCwwLDEuNS4xMiwxLjUsMS41djcuNVoiLz48cGF0aCBjbGFzcz0iY2xzLTUiIGQ9Ik01Ny4zOSwxMWEzLjQ0LDMuNDQsMCwwLDEsLjkuMDdoMGEyLjYyLDIuNjIsMCwwLDEsLjA5LjkzdjdINTEuMlYxMWg2LjE5bTAtMUg1MC4yVjIwaDkuMTlWMTJjMC0xLjY1LS4zNS0yLTItMloiLz48cGF0aCBjbGFzcz0iY2xzLTQiIGQ9Ik0zNC4yMywxOS41M1YxMmMwLTEuMzguMTMtMS41LDEuNS0xLjVoNi43djlaIi8+PHBhdGggY2xhc3M9ImNscy01IiBkPSJNNDEuOTMsMTF2OGgtNy4yVjEyYTMuMTgsMy4xOCwwLDAsMSwuMDgtLjksMi4wOCwyLjA4LDAsMCwxLC45Mi0uMWg2LjJtMS0xaC03LjJjLTEuNjUsMC0yLC4zNS0yLDJ2OGg5LjJWMTBaIi8+PHJlY3QgY2xhc3M9ImNscy00IiB4PSI0Mi40NSIgeT0iMTAuNTMiIHdpZHRoPSI4LjE3IiBoZWlnaHQ9IjkiLz48cGF0aCBjbGFzcz0iY2xzLTUiIGQ9Ik01MC4xMiwxMXY4SDQzVjExaDcuMTdtMS0xSDQyVjIwaDkuMTdWMTBaIi8+PC9zdmc+" preserveAspectRatio="none" x="50" y="210" width="50" height="50" style="cursor:pointer"><title>Node Type: Index Scan
Parent Relationship: Outer
Parallel Aware: false
Async Capable: false
Scan Direction: Forward
Index Name: products_pkey
Relation Name: products
Schema: public
Alias: products
Startup Cost: 0.42
Total Cost: 8.44
Plan Rows: 1
Plan Width: 10
Actual Startup Time: 0.013
Actual Total Time: 0.013
Actual Rows: 1
Actual Loops: 7
Output: products.price,products.id
Index Cond: (products.id = cart_items.product_id)
Rows Removed by Index Recheck: 0
Shared Hit Blocks: 30
Shared Read Blocks: 0
Shared Dirtied Blocks: 0
Shared Written Blocks: 0
Local Hit Blocks: 0
Local Read Blocks: 0
Local Dirtied Blocks: 0
Local Written Blocks: 0
Temp Read Blocks: 0
Temp Written Blocks: 0
WAL Records: 0
WAL FPI: 0
WAL Bytes: 0
Workers: {
  "Worker Number": 0,
  "Actual Startup Time": 0.019,
  "Actual Total Time": 0.019,
  "Actual Rows": 1,
  "Actual Loops": 1,
  "Shared Hit Blocks": 5,
  "Shared Read Blocks": 0,
  "Shared Dirtied Blocks": 0,
  "Shared Written Blocks": 0,
  "Local Hit Blocks": 0,
  "Local Read Blocks": 0,
  "Local Dirtied Blocks": 0,
  "Local Written Blocks": 0,
  "Temp Read Blocks": 0,
  "Temp Written Blocks": 0,
  "WAL Records": 0,
  "WAL FPI": 0,
  "WAL Bytes": 0
},{
  "Worker Number": 1,
  "Actual Startup Time": 0.015,
  "Actual Total Time": 0.015,
  "Actual Rows": 1,
  "Actual Loops": 3,
  "Shared Hit Blocks": 13,
  "Shared Read Blocks": 0,
  "Shared Dirtied Blocks": 0,
  "Shared Written Blocks": 0,
  "Local Hit Blocks": 0,
  "Local Read Blocks": 0,
  "Local Dirtied Blocks": 0,
  "Local Written Blocks": 0,
  "Temp Read Blocks": 0,
  "Temp Written Blocks": 0,
  "WAL Records": 0,
  "WAL FPI": 0,
  "WAL Bytes": 0
}
loops: 18
inclusive: 0.001
exclusive: 0.001
inclusive_factor: 0.00011026854632127164
inclusive_flag: 1
rowsx: 0.06
rowsx_direction: positive
rowsx_flag: 1
exclusive_factor: 0.00000848219587086705
exclusive_flag: 1
</title></image><text x="80" y="280" fill="rgba(0, 0, 0, 0.87)" style="font-size:15px;text-anchor:middle"><tspan>public.products_pk-</tspan><tspan dy="1.2em" x="80">ey</tspan></text><line x1="125" x2="188.33333333333334" y1="235" y2="235" stroke="rgba(0, 0, 0, 0.87)" stroke-width="4"></line><line x1="187.33333333333334" x2="251.66666666666669" y1="235" y2="235" stroke="rgba(0, 0, 0, 0.87)" stroke-width="4"></line><line x1="251.66666666666669" x2="315" y1="235" y2="235" stroke="rgba(0, 0, 0, 0.87)" stroke-width="4" style="marker-end:url(&quot;#arr96&quot;)"></line></g><g><image href="data:image/svg+xml;base64,PHN2ZyBpZD0iXzEiIGRhdGEtbmFtZT0iMSIgeG1sbnM9Imh0dHA6Ly93d3cudzMub3JnLzIwMDAvc3ZnIiB2aWV3Qm94PSIwIDAgNjQgNjQiPjxkZWZzPjxzdHlsZT4uY2xzLTF7b3BhY2l0eTowLjY7fS5jbHMtMntmaWxsOiNmMGVjYjY7fS5jbHMtM3tmaWxsOiNjMThmMzU7fS5jbHMtNHtmaWxsOiNhZGRmZjM7fS5jbHMtNXtmaWxsOiMyOTgwYjk7fS5jbHMtNntmaWxsOm5vbmU7c3Ryb2tlOiNjMThmMzU7b3BhY2l0eTowLjg7fS5jbHMtNiwuY2xzLTcsLmNscy04e3N0cm9rZS1saW5lam9pbjpyb3VuZDt9LmNscy03LC5jbHMtOHtmaWxsOiM1MjhkMTk7c3Ryb2tlOiM1MjhkMTk7fS5jbHMtOHtzdHJva2UtbGluZWNhcDpyb3VuZDtzdHJva2Utd2lkdGg6MnB4O308L3N0eWxlPjwvZGVmcz48dGl0bGU+ZXhfbWF0ZXJpYWxpemU8L3RpdGxlPjxnIGNsYXNzPSJjbHMtMSI+PHBhdGggY2xhc3M9ImNscy0yIiBkPSJNMTAuMTcsNDkuODhjLTEuMzcsMC0xLjUtLjEzLTEuNS0xLjVWMTkuODhIMTZ2MzBaIi8+PHBhdGggY2xhc3M9ImNscy0zIiBkPSJNMTUuNDUsMjAuMzh2MjlIMTAuMTdhMy4yNSwzLjI1LDAsMCwxLS45LS4wOGgwYTIuMTgsMi4xOCwwLDAsMS0uMS0uOTJ2LTI4aDYuMjhtMS0xSDguMTd2MjljMCwxLjY1LjM1LDIsMiwyaDYuMjh2LTMxWiIvPjxwYXRoIGNsYXNzPSJjbHMtMiIgZD0iTTE1Ljk0LDQ5Ljg4di0zMGg3LjI4djI4LjVjMCwxLjM3LS4xMywxLjUtMS41LDEuNVoiLz48cGF0aCBjbGFzcz0iY2xzLTMiIGQ9Ik0yMi43MiwyMC4zOHYyOGEzLjI4LDMuMjgsMCwwLDEtLjA4LjksMi4xOCwyLjE4LDAsMCwxLS45Mi4xSDE2LjQ0di0yOWg2LjI4bTEtMUgxNS40NHYzMWg2LjI4YzEuNjUsMCwyLS4zNSwyLTJ2LTI5WiIvPjxwYXRoIGNsYXNzPSJjbHMtNCIgZD0iTTguNjcsMTkuODh2LTQuNWMwLTEuMzcuMTMtMS41LDEuNS0xLjVIMTZ2NloiLz48cGF0aCBjbGFzcz0iY2xzLTUiIGQ9Ik0xNS40NSwxNC4zOHY1SDkuMTd2LTRhMy4yOCwzLjI4LDAsMCwxLC4wOC0uOSwyLjE4LDIuMTgsMCwwLDEsLjkyLS4xaDUuMjhtMS0xSDEwLjE3Yy0xLjY1LDAtMiwuMzUtMiwydjVoOC4yOHYtN1oiLz48cGF0aCBjbGFzcz0iY2xzLTQiIGQ9Ik0xNS45NCwxOS44OHYtNmg1Ljc4YzEuMzcsMCwxLjUuMTMsMS41LDEuNXY0LjVaIi8+PHBhdGggY2xhc3M9ImNscy01IiBkPSJNMjEuNzIsMTQuMzhhMy4yNSwzLjI1LDAsMCwxLC45LjA4aDBhMi4xOCwyLjE4LDAsMCwxLC4xLjkydjRIMTYuNDR2LTVoNS4yOG0wLTFIMTUuNDR2N2g4LjI4di01YzAtMS42NS0uMzUtMi0yLTJaIi8+PGxpbmUgY2xhc3M9ImNscy02IiB4MT0iMTUuNyIgeTE9IjI2LjIzIiB4Mj0iMjMuMTkiIHkyPSIyNi4yMyIvPjxsaW5lIGNsYXNzPSJjbHMtNiIgeDE9IjguNyIgeTE9IjI2LjIzIiB4Mj0iMTUuNDQiIHkyPSIyNi4yMyIvPjxsaW5lIGNsYXNzPSJjbHMtNiIgeDE9IjE1LjciIHkxPSIzMi4yMyIgeDI9IjIzLjE5IiB5Mj0iMzIuMjMiLz48bGluZSBjbGFzcz0iY2xzLTYiIHgxPSI4LjciIHkxPSIzMi4yMyIgeDI9IjE1LjQ0IiB5Mj0iMzIuMjMiLz48bGluZSBjbGFzcz0iY2xzLTYiIHgxPSIxNS43IiB5MT0iMzguMjMiIHgyPSIyMy4xOSIgeTI9IjM4LjIzIi8+PGxpbmUgY2xhc3M9ImNscy02IiB4MT0iOC43IiB5MT0iMzguMjMiIHgyPSIxNS40NCIgeTI9IjM4LjIzIi8+PGxpbmUgY2xhc3M9ImNscy02IiB4MT0iMTUuNyIgeTE9IjQ0LjIzIiB4Mj0iMjMuMTkiIHkyPSI0NC4yMyIvPjxsaW5lIGNsYXNzPSJjbHMtNiIgeDE9IjguNyIgeTE9IjQ0LjIzIiB4Mj0iMTUuNDQiIHkyPSI0NC4yMyIvPjwvZz48cGF0aCBjbGFzcz0iY2xzLTIiIGQ9Ik00Mi40NSw0OS44OGMtMS4zNywwLTEuNS0uMTMtMS41LTEuNVYxOS44OGg3LjI4djMwWiIvPjxwYXRoIGNsYXNzPSJjbHMtMyIgZD0iTTQ3LjczLDIwLjM4djI5SDQyLjQ1YTMuMjUsMy4yNSwwLDAsMS0uOS0uMDhoMGEyLjE4LDIuMTgsMCwwLDEtLjEtLjkydi0yOGg2LjI4bTEtMUg0MC40NXYyOWMwLDEuNjUuMzUsMiwyLDJoNi4yOHYtMzFaIi8+PHBhdGggY2xhc3M9ImNscy0yIiBkPSJNNDguMjIsNDkuODh2LTMwSDU1LjV2MjguNWMwLDEuMzctLjEzLDEuNS0xLjUsMS41WiIvPjxwYXRoIGNsYXNzPSJjbHMtMyIgZD0iTTU1LDIwLjM4djI4YTMuMjgsMy4yOCwwLDAsMS0uMDguOSwyLjE4LDIuMTgsMCwwLDEtLjkyLjFINDguNzJ2LTI5SDU1bTEtMUg0Ny43MnYzMUg1NGMxLjY1LDAsMi0uMzUsMi0ydi0yOVoiLz48cGF0aCBjbGFzcz0iY2xzLTQiIGQ9Ik00MSwxOS44OHYtNC41YzAtMS4zNy4xMy0xLjUsMS41LTEuNWg1Ljc4djZaIi8+PHBhdGggY2xhc3M9ImNscy01IiBkPSJNNDcuNzMsMTQuMzh2NUg0MS40NXYtNGEzLjI4LDMuMjgsMCwwLDEsLjA4LS45LDIuMTgsMi4xOCwwLDAsMSwuOTItLjFoNS4yOG0xLTFINDIuNDVjLTEuNjUsMC0yLC4zNS0yLDJ2NWg4LjI4di03WiIvPjxwYXRoIGNsYXNzPSJjbHMtNCIgZD0iTTQ4LjIyLDE5Ljg4di02SDU0YzEuMzcsMCwxLjUuMTMsMS41LDEuNXY0LjVaIi8+PHBhdGggY2xhc3M9ImNscy01IiBkPSJNNTQsMTQuMzhhMy4yNSwzLjI1LDAsMCwxLC45LjA4aDBhMi4xOCwyLjE4LDAsMCwxLC4xLjkydjRINDguNzJ2LTVINTRtMC0xSDQ3LjcydjdINTZ2LTVjMC0xLjY1LS4zNS0yLTItMloiLz48bGluZSBjbGFzcz0iY2xzLTYiIHgxPSI0Ny45OCIgeTE9IjI2LjIzIiB4Mj0iNTUuNDciIHkyPSIyNi4yMyIvPjxsaW5lIGNsYXNzPSJjbHMtNiIgeDE9IjQwLjk4IiB5MT0iMjYuMjMiIHgyPSI0Ny43MiIgeTI9IjI2LjIzIi8+PGxpbmUgY2xhc3M9ImNscy02IiB4MT0iNDcuOTgiIHkxPSIzMi4yMyIgeDI9IjU1LjQ3IiB5Mj0iMzIuMjMiLz48bGluZSBjbGFzcz0iY2xzLTYiIHgxPSI0MC45OCIgeTE9IjMyLjIzIiB4Mj0iNDcuNzIiIHkyPSIzMi4yMyIvPjxsaW5lIGNsYXNzPSJjbHMtNiIgeDE9IjQ3Ljk4IiB5MT0iMzguMjMiIHgyPSI1NS40NyIgeTI9IjM4LjIzIi8+PGxpbmUgY2xhc3M9ImNscy02IiB4MT0iNDAuOTgiIHkxPSIzOC4yMyIgeDI9IjQ3LjcyIiB5Mj0iMzguMjMiLz48bGluZSBjbGFzcz0iY2xzLTYiIHgxPSI0Ny45OCIgeTE9IjQ0LjIzIiB4Mj0iNTUuNDciIHkyPSI0NC4yMyIvPjxsaW5lIGNsYXNzPSJjbHMtNiIgeDE9IjQwLjk4IiB5MT0iNDQuMjMiIHgyPSI0Ny43MiIgeTI9IjQ0LjIzIi8+PHBvbHlnb24gY2xhc3M9ImNscy03IiBwb2ludHM9IjM3LjU1IDMyIDM0LjE3IDI5LjQ3IDM0LjE3IDM0LjUzIDM3LjU1IDMyIi8+PGxpbmUgY2xhc3M9ImNscy04IiB4MT0iMzMuODkiIHkxPSIzMiIgeDI9IjI2LjQ1IiB5Mj0iMzIiLz48L3N2Zz4=" preserveAspectRatio="none" x="950" y="370" width="50" height="50" style="cursor:pointer"><title>Node Type: Materialize
Parent Relationship: Inner
Parallel Aware: false
Async Capable: false
Startup Cost: 1000
Total Cost: 5471.37
Plan Rows: 3
Plan Width: 4
Actual Startup Time: 0.009
Actual Total Time: 5.124
Actual Rows: 4
Actual Loops: 18
Output: orders.user_id
Shared Hit Blocks: 1824
Shared Read Blocks: 0
Shared Dirtied Blocks: 0
Shared Written Blocks: 0
Local Hit Blocks: 0
Local Read Blocks: 0
Local Dirtied Blocks: 0
Local Written Blocks: 0
Temp Read Blocks: 0
Temp Written Blocks: 0
WAL Records: 0
WAL FPI: 0
WAL Bytes: 0
loops: 1
inclusive: 5.124
exclusive: 5.124
inclusive_factor: 0.04346277164232276
inclusive_flag: 1
rowsx: 1.34
rowsx_direction: negative
rowsx_flag: 1
exclusive_factor: 0.04346277164232276
exclusive_flag: 1
</title></image><text x="980" y="440" fill="rgba(0, 0, 0, 0.87)" style="font-size:15px;text-anchor:middle"><tspan>Materialize</tspan></text><line x1="1025" x2="1088.3333333333333" y1="395" y2="395" stroke="rgba(0, 0, 0, 0.87)" stroke-width="10"></line><line x1="1087.3333333333333" x2="1151.6666666666667" y1="395" y2="75" stroke="rgba(0, 0, 0, 0.87)" stroke-width="10"></line><line x1="1151.6666666666667" x2="1215" y1="75" y2="75" stroke="rgba(0, 0, 0, 0.87)" stroke-width="10" style="marker-end:url(&quot;#arr97&quot;)"></line></g><g><image href="data:image/svg+xml;base64,PHN2ZyB4bWxucz0iaHR0cDovL3d3dy53My5vcmcvMjAwMC9zdmciIHZpZXdCb3g9IjAgMCA2NCA2NCI+PGRlZnM+PHN0eWxlPi5jbHMtMXtmaWxsOiNhZGRmZjM7fS5jbHMtMntmaWxsOiMyOTgwYjk7fS5jbHMtM3tmaWxsOm5vbmU7c3Ryb2tlOiNkMDQ0NjU7c3Ryb2tlLWxpbmVjYXA6cm91bmQ7c3Ryb2tlLWxpbmVqb2luOnJvdW5kO30uY2xzLTR7ZmlsbDojZDA0NDY1O30uY2xzLTV7ZmlsbDojZjNjN2Q3O308L3N0eWxlPjwvZGVmcz48dGl0bGU+ZXhfZ2F0aGVyX21vdGlvbjwvdGl0bGU+PGcgaWQ9ImV4X2RlbGV0ZSI+PHJlY3QgY2xhc3M9ImNscy0xIiB4PSI0Ny4xOSIgeT0iNDUuNDMiIHdpZHRoPSI5IiBoZWlnaHQ9IjkiIHJ4PSIwLjUiIHJ5PSIwLjUiLz48cGF0aCBjbGFzcz0iY2xzLTIiIGQ9Ik01NS42OSw0NS45M3Y4aC04di04aDhtMC0xaC04YTEsMSwwLDAsMC0xLDF2OGExLDEsMCwwLDAsMSwxaDhhMSwxLDAsMCwwLDEtMXYtOGExLDEsMCwwLDAtMS0xWiIvPjxyZWN0IGNsYXNzPSJjbHMtMSIgeD0iNy44MSIgeT0iNDUuNDMiIHdpZHRoPSI5IiBoZWlnaHQ9IjkiIHJ4PSIwLjUiIHJ5PSIwLjUiLz48cGF0aCBjbGFzcz0iY2xzLTIiIGQ9Ik0xNi4zMSw0NS45M3Y4aC04di04aDhtMC0xaC04YTEsMSwwLDAsMC0xLDF2OGExLDEsMCwwLDAsMSwxaDhhMSwxLDAsMCwwLDEtMXYtOGExLDEsMCwwLDAtMS0xWiIvPjxyZWN0IGNsYXNzPSJjbHMtMSIgeD0iMjcuNTEiIHk9IjkuNTciIHdpZHRoPSI5IiBoZWlnaHQ9IjkiIHJ4PSIwLjUiIHJ5PSIwLjUiLz48cGF0aCBjbGFzcz0iY2xzLTIiIGQ9Ik0zNiwxMC4wN3Y4SDI4di04aDhtMC0xSDI4YTEsMSwwLDAsMC0xLDF2OGExLDEsMCwwLDAsMSwxaDhhMSwxLDAsMCwwLDEtMXYtOGExLDEsMCwwLDAtMS0xWiIvPjxsaW5lIGNsYXNzPSJjbHMtMyIgeDE9IjE4LjE0IiB5MT0iNDQuMiIgeDI9IjIxLjkyIiB5Mj0iNDIuMDIiLz48cGF0aCBjbGFzcz0iY2xzLTQiIGQ9Ik0yNCw0MC44MmExMi4wOSwxMi4wOSwwLDAsMC0yLDMuMzZsLS4zNS0yLTEuNTUtMS4zQTEyLjA4LDEyLjA4LDAsMCwwLDI0LDQwLjgyWiIvPjxsaW5lIGNsYXNzPSJjbHMtMyIgeDE9IjQyLjA2IiB5MT0iNDIuMjIiIHgyPSI0NS44NCIgeTI9IjQ0LjQiLz48cGF0aCBjbGFzcz0iY2xzLTQiIGQ9Ik00MCw0MWExMi4wOSwxMi4wOSwwLDAsMSwyLDMuMzZsLjM1LTIsMS41NS0xLjNBMTIuMDgsMTIuMDgsMCwwLDEsNDAsNDFaIi8+PGxpbmUgY2xhc3M9ImNscy0zIiB4MT0iMzIuMDkiIHkxPSIyMC4wNyIgeDI9IjMyLjA4IiB5Mj0iMjQuNDMiLz48cGF0aCBjbGFzcz0iY2xzLTQiIGQ9Ik0zMi4wOCwyNi44NWExMi4wOSwxMi4wOSwwLDAsMC0xLjktMy40MmwxLjkuNjksMS45LS42OUExMi4wOCwxMi4wOCwwLDAsMCwzMi4wOCwyNi44NVoiLz48Y2lyY2xlIGNsYXNzPSJjbHMtNSIgY3g9IjMyLjA4IiBjeT0iMzUuOTMiIHI9IjcuNSIvPjxwYXRoIGNsYXNzPSJjbHMtNCIgZD0iTTMyLjA4LDI4LjkzYTcsNywwLDEsMS03LDcsNyw3LDAsMCwxLDctN20wLTFhOCw4LDAsMSwwLDgsOCw4LDgsMCwwLDAtOC04WiIvPjwvZz48L3N2Zz4=" preserveAspectRatio="none" x="650" y="370" width="50" height="50" style="cursor:pointer"><title>Node Type: Gather
Parent Relationship: Outer
Parallel Aware: false
Async Capable: false
Startup Cost: 1000
Total Cost: 5471.36
Plan Rows: 3
Plan Width: 4
Actual Startup Time: 0.15
Actual Total Time: 92.224
Actual Rows: 4
Actual Loops: 1
Output: orders.user_id
Workers Planned: 1
Workers Launched: 1
Single Copy: false
Shared Hit Blocks: 1824
Shared Read Blocks: 0
Shared Dirtied Blocks: 0
Shared Written Blocks: 0
Local Hit Blocks: 0
Local Read Blocks: 0
Local Dirtied Blocks: 0
Local Written Blocks: 0
Temp Read Blocks: 0
Temp Written Blocks: 0
WAL Records: 0
WAL FPI: 0
WAL Bytes: 0
loops: 18
inclusive: 92.224
exclusive: 85.275
inclusive_factor: 0.7822620319948428
inclusive_flag: 3
rowsx: 0.08
rowsx_direction: negative
rowsx_flag: 1
exclusive_factor: 0.7233192528881877
exclusive_flag: 3
</title></image><text x="680" y="440" fill="rgba(0, 0, 0, 0.87)" style="font-size:15px;text-anchor:middle"><tspan>Gather</tspan></text><line x1="725" x2="788.3333333333334" y1="395" y2="395" stroke="rgba(0, 0, 0, 0.87)" stroke-width="10"></line><line x1="787.3333333333334" x2="851.6666666666666" y1="395" y2="395" stroke="rgba(0, 0, 0, 0.87)" stroke-width="10"></line><line x1="851.6666666666666" x2="915" y1="395" y2="395" stroke="rgba(0, 0, 0, 0.87)" stroke-width="10" style="marker-end:url(&quot;#arr98&quot;)"></line></g><g><image href="data:image/svg+xml;base64,PHN2ZyBpZD0iXzEiIGRhdGEtbmFtZT0iMSIgeG1sbnM9Imh0dHA6Ly93d3cudzMub3JnLzIwMDAvc3ZnIiB2aWV3Qm94PSIwIDAgNjQgNjQiPjxkZWZzPjxzdHlsZT4uY2xzLTEsLmNscy0yLC5jbHMtOHtmaWxsOiMyOTgwYjk7fS5jbHMtMSwuY2xzLTJ7c3Ryb2tlOiMyOTgwYjk7c3Ryb2tlLWxpbmVqb2luOnJvdW5kO30uY2xzLTJ7c3Ryb2tlLWxpbmVjYXA6cm91bmQ7c3Ryb2tlLXdpZHRoOjJweDt9LmNscy0zLC5jbHMtNntmaWxsOiNmMGVjYjY7fS5jbHMtNHtmaWxsOiNjMThmMzY7fS5jbHMtNXtvcGFjaXR5OjAuODt9LmNscy02e3N0cm9rZTojYzE4ZjM2O3N0cm9rZS1taXRlcmxpbWl0OjEwO30uY2xzLTd7ZmlsbDojYWRkZmYzO308L3N0eWxlPjwvZGVmcz48dGl0bGU+ZXhfc2NhbjwvdGl0bGU+PHBvbHlnb24gY2xhc3M9ImNscy0xIiBwb2ludHM9IjkuMDYgNTAuNzggNS41OCA0Ni4xNCAxMi41NCA0Ni4xNCA5LjA2IDUwLjc4Ii8+PGxpbmUgY2xhc3M9ImNscy0yIiB4MT0iOS4wNiIgeTE9IjQ2Ljc3IiB4Mj0iOS4wNiIgeTI9IjE1LjgiLz48cGF0aCBjbGFzcz0iY2xzLTMiIGQ9Ik0xOC40Myw1Ny40N2MtMS4zOCwwLTEuNS0uMTItMS41LTEuNVYxNS41M2g0MVY1NmMwLDEuMzgtLjEyLDEuNS0xLjUsMS41WiIvPjxwYXRoIGNsYXNzPSJjbHMtNCIgZD0iTTU3LjQxLDE2VjU2YTMuNzEsMy43MSwwLDAsMS0uMDcuOSwyLjE2LDIuMTYsMCwwLDEtLjkzLjFoLTM4YTMuNTQsMy41NCwwLDAsMS0uOS0uMDdoMGEyLjE2LDIuMTYsMCwwLDEtLjEtLjkzVjE2aDQwbTEtMWgtNDJWNTZjMCwxLjY1LjM1LDIsMiwyaDM4YzEuNjUsMCwyLS4zNSwyLTJWMTVaIi8+PGcgY2xhc3M9ImNscy01Ij48bGluZSBjbGFzcz0iY2xzLTYiIHgxPSIyNS4xMyIgeTE9IjU2Ljk3IiB4Mj0iMjUuMTMiIHkyPSIxNS45NyIvPjxsaW5lIGNsYXNzPSJjbHMtNiIgeDE9IjQxLjUyIiB5MT0iNTYuOTciIHgyPSI0MS41MiIgeTI9IjE1Ljk3Ii8+PGxpbmUgY2xhc3M9ImNscy02IiB4MT0iMzMuMzIiIHkxPSI1Ni45NyIgeDI9IjMzLjMyIiB5Mj0iMTUuOTciLz48bGluZSBjbGFzcz0iY2xzLTYiIHgxPSI0OS43MiIgeTE9IjU2Ljk3IiB4Mj0iNDkuNzIiIHkyPSIxNS45NyIvPjxsaW5lIGNsYXNzPSJjbHMtNiIgeDE9IjE3LjQyIiB5MT0iMjMuOTciIHgyPSI1Ny40IiB5Mj0iMjMuOTciLz48bGluZSBjbGFzcz0iY2xzLTYiIHgxPSIxNy40MiIgeTE9IjMyLjM0IiB4Mj0iNTcuNCIgeTI9IjMyLjM0Ii8+PGxpbmUgY2xhc3M9ImNscy02IiB4MT0iMTcuNDIiIHkxPSI0MC43MSIgeDI9IjU3LjQiIHkyPSI0MC43MSIvPjxsaW5lIGNsYXNzPSJjbHMtNiIgeDE9IjE3LjQyIiB5MT0iNDkuMDgiIHgyPSI1Ny40IiB5Mj0iNDkuMDgiLz48L2c+PHBhdGggY2xhc3M9ImNscy03IiBkPSJNNDkuNzMsMTUuNTN2LTloNi42OWMxLjM3LDAsMS41LjEyLDEuNSwxLjV2Ny41WiIvPjxwYXRoIGNsYXNzPSJjbHMtOCIgZD0iTTU2LjQyLDdhMy41NCwzLjU0LDAsMCwxLC45LjA3aDBhMi4xNiwyLjE2LDAsMCwxLC4xLjkzdjdINTAuMjNWN2g2LjE5bTAtMUg0OS4yM1YxNmg5LjE5VjhjMC0xLjY1LS4zNS0yLTItMloiLz48cGF0aCBjbGFzcz0iY2xzLTciIGQ9Ik0xNi45MiwxNS41M1Y4YzAtMS4zOC4xMy0xLjUsMS41LTEuNWg2Ljd2OVoiLz48cGF0aCBjbGFzcz0iY2xzLTgiIGQ9Ik0yNC42Miw3djhoLTcuMlY4YTMuMTgsMy4xOCwwLDAsMSwuMDgtLjksMi4wOCwyLjA4LDAsMCwxLC45Mi0uMWg2LjJtMS0xaC03LjJjLTEuNjUsMC0yLC4zNS0yLDJ2OGg5LjJWNloiLz48cmVjdCBjbGFzcz0iY2xzLTciIHg9IjQxLjUyIiB5PSI2LjUzIiB3aWR0aD0iOC4xOSIgaGVpZ2h0PSI5Ii8+PHBhdGggY2xhc3M9ImNscy04IiBkPSJNNDkuMjEsN3Y4SDQyVjdoNy4xOW0xLTFINDFWMTZoOS4xOVY2WiIvPjxyZWN0IGNsYXNzPSJjbHMtNyIgeD0iMzMuMzMiIHk9IjYuNTMiIHdpZHRoPSI4LjE5IiBoZWlnaHQ9IjkiLz48cGF0aCBjbGFzcz0iY2xzLTgiIGQ9Ik00MSw3djhIMzMuODNWN0g0MW0xLTFIMzIuODNWMTZINDJWNloiLz48cmVjdCBjbGFzcz0iY2xzLTciIHg9IjI1LjE0IiB5PSI2LjUzIiB3aWR0aD0iOC4xNyIgaGVpZ2h0PSI5Ii8+PHBhdGggY2xhc3M9ImNscy04IiBkPSJNMzIuODEsN3Y4SDI1LjY0VjdoNy4xN20xLTFIMjQuNjRWMTZoOS4xN1Y2WiIvPjwvc3ZnPg==" preserveAspectRatio="none" x="350" y="370" width="50" height="50" style="cursor:pointer"><title>Node Type: Seq Scan
Parent Relationship: Outer
Parallel Aware: true
Async Capable: false
Relation Name: orders
Schema: public
Alias: orders
Startup Cost: 0
Total Cost: 4471.06
Plan Rows: 2
Plan Width: 4
Actual Startup Time: 0.003
Actual Total Time: 6.949
Actual Rows: 2
Actual Loops: 2
Output: orders.user_id
Filter: ((orders.user_id = 1) AND ((orders.status)::text = 'active'::text))
Rows Removed by Filter: 149998
Shared Hit Blocks: 1824
Shared Read Blocks: 0
Shared Dirtied Blocks: 0
Shared Written Blocks: 0
Local Hit Blocks: 0
Local Read Blocks: 0
Local Dirtied Blocks: 0
Local Written Blocks: 0
Temp Read Blocks: 0
Temp Written Blocks: 0
WAL Records: 0
WAL FPI: 0
WAL Bytes: 0
Workers: {
  "Worker Number": 0,
  "Actual Startup Time": 0.001,
  "Actual Total Time": 0.001,
  "Actual Rows": 0,
  "Actual Loops": 1,
  "Shared Hit Blocks": 0,
  "Shared Read Blocks": 0,
  "Shared Dirtied Blocks": 0,
  "Shared Written Blocks": 0,
  "Local Hit Blocks": 0,
  "Local Read Blocks": 0,
  "Local Dirtied Blocks": 0,
  "Local Written Blocks": 0,
  "Temp Read Blocks": 0,
  "Temp Written Blocks": 0,
  "WAL Records": 0,
  "WAL FPI": 0,
  "WAL Bytes": 0
}
loops: 1
inclusive: 6.949
exclusive: 6.949
inclusive_factor: 0.05894277910665513
inclusive_flag: 1
rowsx: 1
rowsx_direction: positive
rowsx_flag: 1
exclusive_factor: 0.05894277910665513
exclusive_flag: 1
</title></image><text x="380" y="440" fill="rgba(0, 0, 0, 0.87)" style="font-size:15px;text-anchor:middle"><tspan>public.orders</tspan></text><line x1="425" x2="488.3333333333333" y1="395" y2="395" stroke="rgba(0, 0, 0, 0.87)" stroke-width="10"></line><line x1="487.3333333333333" x2="551.6666666666666" y1="395" y2="395" stroke="rgba(0, 0, 0, 0.87)" stroke-width="10"></line><line x1="551.6666666666666" x2="615" y1="395" y2="395" stroke="rgba(0, 0, 0, 0.87)" stroke-width="10" style="marker-end:url(&quot;#arr99&quot;)"></line></g></g></svg>